6 [4133350912] INFO perfrun.launcher <> - Launcher main begin
9 [4133350912] INFO perfrun.launcher <> - MessageCatalogInit finished
24 [4133350912] INFO perfrun.launcher <> - Launcher instance created
24 [4133350912] INFO perfrun.launcher <> - argc = 6; cmdline = /opt/intel/vtune_profiler_2020.2.0.610396/bin32/amplxe-runss -dump-vdso -r /tmp/amplxe-tmp-yingj4/amplxe-res-28435-11510148524011878 --tmp-dir /tmp/amplxe-tmp-yingj4 
30 [4133350912] INFO perfrun.launcher <> - plugin remoteplug has been added successfully
30 [4133350912] INFO perfrun.launcher <> - plugin  has been added successfully
30 [4133350912] INFO perfrun.launcher <> - plugin vdso has been added successfully
30 [4133350912] INFO perfrun.launcher <> - plugin  has been added successfully
30 [4133350912] INFO perfrun.launcher <> - plugin  has been added successfully
30 [4133350912] INFO perfrun.launcher <> - plugin  has been added successfully
30 [4133350912] INFO perfrun.launcher <> - plugin  has been added successfully
30 [4133350912] INFO perfrun.launcher <> - plugin  has been added successfully
30 [4133350912] INFO perfrun.launcher <> - plugin  has been added successfully
30 [4133350912] INFO perfrun.launcher <> - plugin  has been added successfully
31 [4133350912] INFO perfrun.launcher <> - plugin  has been added successfully
31 [4133350912] INFO perfrun.launcher <> - plugin  has been added successfully
31 [4133350912] INFO perfrun.launcher <> - plugin  has been added successfully
32 [4133350912] INFO perfrun.launcher <> - plugin  has been added successfully
32 [4133350912] INFO perfrun.launcher <> - plugin  has been added successfully
32 [4133350912] INFO perfrun.launcher <> - plugin  has been added successfully
32 [4133350912] INFO perfrun.launcher <> - plugin  has been added successfully
32 [4133350912] INFO perfrun.launcher <> - plugin  has been added successfully
33 [4133350912] INFO perfrun.launcher <> - plugin  has been added successfully
34 [4133350912] INFO perfrun.launcher <> - plugin  has been added successfully
35 [4133350912] INFO perfrun.launcher <> - plugin  has been added successfully
36 [4133350912] INFO perfrun.launcher <> - plugin  has been added successfully
36 [4133350912] INFO perfrun.launcher <> - plugin  has been added successfully
38 [4133350912] INFO perfrun.launcher <> - plugin  has been added successfully
38 [4133350912] INFO perfrun.launcher <> - plugin  has been added successfully
38 [4133350912] INFO perfrun.launcher <> - plugin  has been added successfully
38 [4133350912] INFO perfrun.launcher <> - plugin  has been added successfully
38 [4133350912] INFO perfrun.launcher <> - plugin  has been added successfully
39 [4133350912] INFO perfrun.launcher <> - the option was added --interval: Specify an interval of data collection (for example, sampling) in milliseconds.
39 [4133350912] INFO perfrun.launcher <> - the option was added --follow-child: Profile process with or without children.
40 [4133350912] INFO perfrun.launcher <> - the option was added --gelding: BADMSG: perfrun1.launcher.plugin_manager::gelding
41 [4133350912] INFO perfrun.launcher <> - the option was added --time-source: Specify time source for measurement. Possible values: sys - wall clock time; tsc - time stamp counter; ext - time from an external source; auto - auto select accurate time source.
42 [4133350912] INFO perfrun.launcher <> - the option was added --stack: Enable or disable collection of stacks.
42 [4133350912] INFO perfrun.launcher <> - the option was added --stack-stitching: Enable or disable the stack stitching algorithm for Intel TBB-based applications.
43 [4133350912] INFO perfrun.launcher <> - the option was added --type: Specify type of data to be collected. For example, --type cpu:counters,waiting:nostack,io.
44 [4133350912] INFO perfrun.launcher <> - the option was added --mrte-mode: Specify Java/.NET/other managed runtime collection mode. Possible values: native - collect information only for native code; managed - collect information only for managed code; mixed - collect information for both managed and native code; auto - choose the mode based on binary type.
45 [4133350912] INFO perfrun.launcher <> - the option was added --mrte-mode-list: List supported Java/.NET/other managed runtime collection modes.
67 [4133350912] INFO perfrun.launcher <> - the option was added --mrte-type: Specify which managed runtimes to collect. Possible values: java - collect information for Java; dotnet - collect information for .NET; python - collect information for CPython. You can specify several values separated by comma.
68 [4133350912] INFO perfrun.launcher <> - the option was added --mrte-type-list: List supported Java/.NET/other managed runtime types.
68 [4133350912] INFO perfrun.launcher <> - the option was added --trace-strategy: Specify how to profile a process tree. <string> can be "<process>:trace:notrace" - profile the process but do not profile its children. Shorthand parameters: t - trace, nt - notrace. For example, "vtunedemo.exe:t:t".
69 [4133350912] INFO perfrun.launcher <> - the option was added --collector: BADMSG: perfrun1.launcher.plugin_manager::collector
70 [4133350912] INFO perfrun.launcher <> - the option was added --system-wide: Enable system-wide profiling. This mode may require additional permissions.
70 [4133350912] INFO perfrun.launcher <> - the option was added --kvm-guest: Enable KVM guest OS profiling.
71 [4133350912] INFO perfrun.launcher <> - the option was added --kvm-guest-kallsyms: Specify a local path to the /proc/kallsyms file copied from the guest OS for proper symbol resolution.
72 [4133350912] INFO perfrun.launcher <> - the option was added --kvm-guest-modules: Specify a local path to the /proc/modules file copied from the guest OS for proper symbol resolution.
73 [4133350912] INFO perfrun.launcher <> - the option was added --dump-vdso: Dump [vdso] to result directory
73 [4133350912] INFO perfrun.launcher <> - the option was added --system-collector-config: Specify subcollectors. Possible values: all, vdso.
74 [4133350912] INFO perfrun.launcher <> - create msngr2::ICliToolContext
75 [4133350912] INFO perfrun.launcher <> - create file finder object
76 [4132727616] INFO perfrun.launcher <> - plugin [remoteplug] was disabled because it doesn't support the given collection type.
76 [4132727616] INFO perfrun.launcher <> - plugin [] was disabled because it doesn't support the given collection type.
76 [4132727616] INFO perfrun.vdso <> - dumping [vdso] pseudomodule
77 [4132727616] INFO perfrun.launcher <> - plugin [] was disabled because it doesn't support the given collection type.
77 [4132727616] INFO perfrun.launcher <> - plugin [] was disabled because it doesn't support the given collection type.
77 [4132727616] INFO perfrun.launcher <> - plugin [] was disabled because it doesn't support the given collection type.
77 [4132727616] INFO perfrun.launcher <> - plugin [] was disabled because it doesn't support the given collection type.
78 [4132727616] INFO perfrun.launcher <> - plugin [] was disabled because it doesn't support the given collection type.
78 [4132727616] INFO perfrun.launcher <> - plugin [] was disabled because it doesn't support the given collection type.
78 [4132727616] INFO perfrun.launcher <> - plugin [] was disabled because it doesn't support the given collection type.
79 [4132727616] INFO perfrun.launcher <> - plugin [] was disabled because it doesn't support the given collection type.
79 [4132727616] INFO perfrun.launcher <> - plugin [] was disabled because it doesn't support the given collection type.
79 [4132727616] INFO perfrun.launcher <> - plugin [] was disabled because it doesn't support the given collection type.
79 [4132727616] INFO perfrun.launcher <> - plugin [] was disabled because it doesn't support the given collection type.
80 [4132727616] INFO perfrun.launcher <> - plugin [] was disabled because it doesn't support the given collection type.
80 [4132727616] INFO perfrun.launcher <> - plugin [] was disabled because it doesn't support the given collection type.
80 [4132727616] INFO perfrun.launcher <> - plugin [] was disabled because it doesn't support the given collection type.
81 [4132727616] INFO perfrun.launcher <> - plugin [] was disabled because it doesn't support the given collection type.
82 [4132727616] INFO perfrun.launcher <> - plugin [] was disabled because it doesn't support the given collection type.
105 [4132727616] INFO perfrun.launcher <> - plugin [] was disabled because it doesn't support the given collection type.
105 [4132727616] INFO perfrun.launcher <> - plugin [] was disabled because it doesn't support the given collection type.
106 [4132727616] INFO perfrun.launcher <> - plugin [] was disabled because it doesn't support the given collection type.
107 [4132727616] INFO perfrun.launcher <> - plugin [] was disabled because it doesn't support the given collection type.
108 [4132727616] INFO perfrun.launcher <> - plugin [] was disabled because it doesn't support the given collection type.
109 [4132727616] INFO perfrun.launcher <> - plugin [] was disabled because it doesn't support the given collection type.
109 [4132727616] INFO perfrun.launcher <> - plugin [] was disabled because it doesn't support the given collection type.
110 [4132727616] INFO perfrun.launcher <> - plugin [] was disabled because it doesn't support the given collection type.
111 [4132727616] INFO perfrun.launcher <> - plugin [] was disabled because it doesn't support the given collection type.
111 [4133350912] INFO perfrun.launcher <> - Application exit code: 0
112 [4133350912] INFO perfrun.launcher <> - Exit code: 0
