9 [139822600889792] INFO perfrun.launcher <> - Launcher main begin
10 [139822600889792] INFO perfrun.launcher <> - MessageCatalogInit finished
10 [139822600889792] INFO perfrun.launcher <> - Launcher instance created
10 [139822600889792] INFO perfrun.launcher <> - argc = 6; cmdline = /opt/intel/vtune_profiler_2020.2.0.610396/bin64/amplxe-runss -dump-vdso -r /tmp/amplxe-tmp-yingj4/amplxe-res-28435-11510148524011878 --tmp-dir /tmp/amplxe-tmp-yingj4 
17 [139822600889792] INFO perfrun.launcher <> - plugin remoteplug has been added successfully
17 [139822600889792] INFO perfrun.launcher <> - plugin system has been added successfully
17 [139822600889792] INFO perfrun.launcher <> - plugin vdso has been added successfully
17 [139822600889792] INFO perfrun.launcher <> - plugin itt has been added successfully
17 [139822600889792] INFO perfrun.launcher <> - plugin ptracecollector has been added successfully
18 [139822600889792] INFO perfrun.launcher <> - plugin gpu has been added successfully
19 [139822600889792] INFO perfrun.launcher <> - plugin  has been added successfully
19 [139822600889792] INFO perfrun.launcher <> - plugin  has been added successfully
19 [139822600889792] INFO perfrun.launcher <> - plugin  has been added successfully
19 [139822600889792] INFO perfrun.launcher <> - plugin mrte has been added successfully
19 [139822600889792] INFO perfrun.launcher <> - plugin emon has been added successfully
19 [139822600889792] INFO perfrun.launcher <> - plugin cuscol has been added successfully
20 [139822600889792] INFO perfrun.launcher <> - plugin stdsrc has been added successfully
21 [139822600889792] INFO perfrun.launcher <> - plugin sep has been added successfully
22 [139822600889792] INFO perfrun.launcher <> - plugin vtsspp has been added successfully
23 [139822600889792] INFO perfrun.sdk <> - Reading value (-1) from file: /proc/sys/kernel/perf_event_paranoid
24 [139822600889792] INFO perfrun.perfcollector <> - checking access to: /opt/intel/vtune_profiler_2020.2.0.610396/bin64/amplxe-perf-priv
25 [139822600889792] INFO perfrun.perfcollector <> - cpu: family = 6 model = 158
25 [139822600889792] INFO perfrun.perfcollector <> - dir found : /sys/bus/event_source/devices/software
25 [139822600889792] WARN perfrun.perfcollector <> - format subdir doesn't exist, at file: vcs/perfrun1/plugins/perfcollector/src/controller.cpp:685
25 [139822600889792] WARN perfrun.perfcollector <> - pmu hwInfo is not set, at file: vcs/perfrun1/plugins/perfcollector/src/controller.cpp:779
26 [139822600889792] INFO perfrun.perfcollector <> - pmu added : family : software , id : 0
26 [139822600889792] INFO perfrun.perfcollector <> - dir found : /sys/bus/event_source/devices/power
26 [139822600889792] INFO perfrun.perfcollector <> - format: event config:0-7 mask:0-7
26 [139822600889792] WARN perfrun.perfcollector <> - pmu hwInfo is not set, at file: vcs/perfrun1/plugins/perfcollector/src/controller.cpp:779
26 [139822600889792] INFO perfrun.perfcollector <> - pmu added : family : power , id : 0
26 [139822600889792] INFO perfrun.perfcollector <> - dir found : /sys/bus/event_source/devices/uncore_cbox_4
27 [139822600889792] INFO perfrun.perfcollector <> - format: event config:0-7 mask:0-7
28 [139822600889792] INFO perfrun.perfcollector <> - format: edge config:18 mask:18
29 [139822600889792] INFO perfrun.perfcollector <> - format: inv config:23 mask:23
30 [139822600889792] INFO perfrun.perfcollector <> - format: umask config:8-15 mask:8-15
30 [139822600889792] INFO perfrun.perfcollector <> - format: cmask config:24-28 mask:24-28
31 [139822600889792] WARN perfrun.perfcollector <> - pmu hwInfo is not set, at file: vcs/perfrun1/plugins/perfcollector/src/controller.cpp:779
31 [139822600889792] INFO perfrun.perfcollector <> - pmu added : family : uncore_cbox , id : 4
31 [139822600889792] INFO perfrun.perfcollector <> - dir found : /sys/bus/event_source/devices/uprobe
31 [139822600889792] INFO perfrun.perfcollector <> - format: ref_ctr_offset config:32-63 mask:32-63
32 [139822600889792] INFO perfrun.perfcollector <> - format: retprobe config:0 mask:0
32 [139822600889792] WARN perfrun.perfcollector <> - pmu hwInfo is not set, at file: vcs/perfrun1/plugins/perfcollector/src/controller.cpp:779
32 [139822600889792] INFO perfrun.perfcollector <> - pmu added : family : uprobe , id : 0
33 [139822600889792] INFO perfrun.perfcollector <> - dir found : /sys/bus/event_source/devices/uncore_imc
33 [139822600889792] INFO perfrun.perfcollector <> - format: event config:0-7 mask:0-7
34 [139822600889792] INFO perfrun.perfcollector <> - hwInfo : PERF_IMC_PMU_DETAILS
35 [139822600889792] INFO perfrun.perfcollector <> - pmu added : family : uncore_imc , id : 0
35 [139822600889792] INFO perfrun.perfcollector <> - dir found : /sys/bus/event_source/devices/cpu
35 [139822600889792] INFO perfrun.perfcollector <> - format: event config:0-7 mask:0-7
35 [139822600889792] INFO perfrun.perfcollector <> - format: pc config:19 mask:19
36 [139822600889792] INFO perfrun.perfcollector <> - format: in_tx config:32 mask:32
37 [139822600889792] INFO perfrun.perfcollector <> - format: edge config:18 mask:18
38 [139822600889792] INFO perfrun.perfcollector <> - format: any config:21 mask:21
39 [139822600889792] INFO perfrun.perfcollector <> - format: offcore_rsp config1:0-63 mask:0-63
40 [139822600889792] INFO perfrun.perfcollector <> - format: in_tx_cp config:33 mask:33
41 [139822600889792] INFO perfrun.perfcollector <> - format: ldlat config1:0-15 mask:0-15
41 [139822600889792] INFO perfrun.perfcollector <> - format: inv config:23 mask:23
42 [139822600889792] INFO perfrun.perfcollector <> - format: umask config:8-15 mask:8-15
42 [139822600889792] INFO perfrun.perfcollector <> - format: frontend config1:0-23 mask:0-23
43 [139822600889792] INFO perfrun.perfcollector <> - format: cmask config:24-31 mask:24-31
44 [139822600889792] INFO perfrun.perfcollector <> - hwInfo : PERF_CPU_PMU_DETAILS
44 [139822600889792] INFO perfrun.perfcollector <> - pmu added : family : cpu , id : 0
45 [139822600889792] INFO perfrun.perfcollector <> - dir found : /sys/bus/event_source/devices/cstate_core
46 [139822600889792] INFO perfrun.perfcollector <> - format: event config:0-63 mask:0-63
47 [139822600889792] WARN perfrun.perfcollector <> - pmu hwInfo is not set, at file: vcs/perfrun1/plugins/perfcollector/src/controller.cpp:779
48 [139822600889792] INFO perfrun.perfcollector <> - pmu added : family : cstate_core , id : 0
48 [139822600889792] INFO perfrun.perfcollector <> - dir found : /sys/bus/event_source/devices/uncore_cbox_2
49 [139822600889792] INFO perfrun.perfcollector <> - format: event config:0-7 mask:0-7
50 [139822600889792] INFO perfrun.perfcollector <> - format: edge config:18 mask:18
51 [139822600889792] INFO perfrun.perfcollector <> - format: inv config:23 mask:23
52 [139822600889792] INFO perfrun.perfcollector <> - format: umask config:8-15 mask:8-15
52 [139822600889792] INFO perfrun.perfcollector <> - format: cmask config:24-28 mask:24-28
53 [139822600889792] WARN perfrun.perfcollector <> - pmu hwInfo is not set, at file: vcs/perfrun1/plugins/perfcollector/src/controller.cpp:779
54 [139822600889792] INFO perfrun.perfcollector <> - pmu added : family : uncore_cbox , id : 2
54 [139822600889792] INFO perfrun.perfcollector <> - dir found : /sys/bus/event_source/devices/breakpoint
55 [139822600889792] WARN perfrun.perfcollector <> - format subdir doesn't exist, at file: vcs/perfrun1/plugins/perfcollector/src/controller.cpp:685
56 [139822600889792] WARN perfrun.perfcollector <> - pmu hwInfo is not set, at file: vcs/perfrun1/plugins/perfcollector/src/controller.cpp:779
57 [139822600889792] INFO perfrun.perfcollector <> - pmu added : family : breakpoint , id : 0
58 [139822600889792] INFO perfrun.perfcollector <> - dir found : /sys/bus/event_source/devices/uncore_cbox_0
58 [139822600889792] INFO perfrun.perfcollector <> - format: event config:0-7 mask:0-7
59 [139822600889792] INFO perfrun.perfcollector <> - format: edge config:18 mask:18
59 [139822600889792] INFO perfrun.perfcollector <> - format: inv config:23 mask:23
60 [139822600889792] INFO perfrun.perfcollector <> - format: umask config:8-15 mask:8-15
60 [139822600889792] INFO perfrun.perfcollector <> - format: cmask config:24-28 mask:24-28
60 [139822600889792] WARN perfrun.perfcollector <> - pmu hwInfo is not set, at file: vcs/perfrun1/plugins/perfcollector/src/controller.cpp:779
60 [139822600889792] INFO perfrun.perfcollector <> - pmu added : family : uncore_cbox , id : 0
60 [139822600889792] INFO perfrun.perfcollector <> - dir found : /sys/bus/event_source/devices/tracepoint
60 [139822600889792] WARN perfrun.perfcollector <> - format subdir doesn't exist, at file: vcs/perfrun1/plugins/perfcollector/src/controller.cpp:685
61 [139822600889792] WARN perfrun.perfcollector <> - pmu hwInfo is not set, at file: vcs/perfrun1/plugins/perfcollector/src/controller.cpp:779
61 [139822600889792] INFO perfrun.perfcollector <> - pmu added : family : tracepoint , id : 0
61 [139822600889792] INFO perfrun.perfcollector <> - dir found : /sys/bus/event_source/devices/cstate_pkg
61 [139822600889792] INFO perfrun.perfcollector <> - format: event config:0-63 mask:0-63
61 [139822600889792] WARN perfrun.perfcollector <> - pmu hwInfo is not set, at file: vcs/perfrun1/plugins/perfcollector/src/controller.cpp:779
61 [139822600889792] INFO perfrun.perfcollector <> - pmu added : family : cstate_pkg , id : 0
61 [139822600889792] INFO perfrun.perfcollector <> - dir found : /sys/bus/event_source/devices/uncore_arb
61 [139822600889792] INFO perfrun.perfcollector <> - format: event config:0-7 mask:0-7
61 [139822600889792] INFO perfrun.perfcollector <> - format: edge config:18 mask:18
61 [139822600889792] INFO perfrun.perfcollector <> - format: inv config:23 mask:23
61 [139822600889792] INFO perfrun.perfcollector <> - format: umask config:8-15 mask:8-15
61 [139822600889792] INFO perfrun.perfcollector <> - format: cmask config:24-28 mask:24-28
61 [139822600889792] WARN perfrun.perfcollector <> - pmu hwInfo is not set, at file: vcs/perfrun1/plugins/perfcollector/src/controller.cpp:779
61 [139822600889792] INFO perfrun.perfcollector <> - pmu added : family : uncore_arb , id : 0
61 [139822600889792] INFO perfrun.perfcollector <> - dir found : /sys/bus/event_source/devices/kprobe
61 [139822600889792] INFO perfrun.perfcollector <> - format: retprobe config:0 mask:0
61 [139822600889792] WARN perfrun.perfcollector <> - pmu hwInfo is not set, at file: vcs/perfrun1/plugins/perfcollector/src/controller.cpp:779
61 [139822600889792] INFO perfrun.perfcollector <> - pmu added : family : kprobe , id : 0
61 [139822600889792] INFO perfrun.perfcollector <> - dir found : /sys/bus/event_source/devices/uncore_cbox_5
61 [139822600889792] INFO perfrun.perfcollector <> - format: event config:0-7 mask:0-7
61 [139822600889792] INFO perfrun.perfcollector <> - format: edge config:18 mask:18
61 [139822600889792] INFO perfrun.perfcollector <> - format: inv config:23 mask:23
61 [139822600889792] INFO perfrun.perfcollector <> - format: umask config:8-15 mask:8-15
61 [139822600889792] INFO perfrun.perfcollector <> - format: cmask config:24-28 mask:24-28
61 [139822600889792] WARN perfrun.perfcollector <> - pmu hwInfo is not set, at file: vcs/perfrun1/plugins/perfcollector/src/controller.cpp:779
61 [139822600889792] INFO perfrun.perfcollector <> - pmu added : family : uncore_cbox , id : 5
61 [139822600889792] INFO perfrun.perfcollector <> - dir found : /sys/bus/event_source/devices/msr
61 [139822600889792] INFO perfrun.perfcollector <> - format: event config:0-63 mask:0-63
61 [139822600889792] WARN perfrun.perfcollector <> - pmu hwInfo is not set, at file: vcs/perfrun1/plugins/perfcollector/src/controller.cpp:779
61 [139822600889792] INFO perfrun.perfcollector <> - pmu added : family : msr , id : 0
61 [139822600889792] INFO perfrun.perfcollector <> - dir found : /sys/bus/event_source/devices/uncore_cbox_3
61 [139822600889792] INFO perfrun.perfcollector <> - format: event config:0-7 mask:0-7
61 [139822600889792] INFO perfrun.perfcollector <> - format: edge config:18 mask:18
61 [139822600889792] INFO perfrun.perfcollector <> - format: inv config:23 mask:23
61 [139822600889792] INFO perfrun.perfcollector <> - format: umask config:8-15 mask:8-15
61 [139822600889792] INFO perfrun.perfcollector <> - format: cmask config:24-28 mask:24-28
61 [139822600889792] WARN perfrun.perfcollector <> - pmu hwInfo is not set, at file: vcs/perfrun1/plugins/perfcollector/src/controller.cpp:779
61 [139822600889792] INFO perfrun.perfcollector <> - pmu added : family : uncore_cbox , id : 3
61 [139822600889792] INFO perfrun.perfcollector <> - dir found : /sys/bus/event_source/devices/intel_pt
61 [139822600889792] INFO perfrun.perfcollector <> - format: ptw config:12 mask:12
61 [139822600889792] INFO perfrun.perfcollector <> - format: cyc_thresh config:19-22 mask:19-22
61 [139822600889792] INFO perfrun.perfcollector <> - format: pt config:0 mask:0
61 [139822600889792] INFO perfrun.perfcollector <> - format: branch config:13 mask:13
61 [139822600889792] INFO perfrun.perfcollector <> - format: tsc config:10 mask:10
62 [139822600889792] INFO perfrun.perfcollector <> - format: pwr_evt config:4 mask:4
63 [139822600889792] INFO perfrun.perfcollector <> - format: fup_on_ptw config:5 mask:5
63 [139822600889792] INFO perfrun.perfcollector <> - format: cyc config:1 mask:1
63 [139822600889792] INFO perfrun.perfcollector <> - format: noretcomp config:11 mask:11
64 [139822600889792] INFO perfrun.perfcollector <> - format: mtc config:9 mask:9
65 [139822600889792] INFO perfrun.perfcollector <> - format: psb_period config:24-27 mask:24-27
66 [139822600889792] INFO perfrun.perfcollector <> - format: mtc_period config:14-17 mask:14-17
66 [139822600889792] WARN perfrun.perfcollector <> - pmu hwInfo is not set, at file: vcs/perfrun1/plugins/perfcollector/src/controller.cpp:779
67 [139822600889792] INFO perfrun.perfcollector <> - pmu added : family : intel_pt , id : 0
68 [139822600889792] INFO perfrun.perfcollector <> - dir found : /sys/bus/event_source/devices/uncore_cbox_1
68 [139822600889792] INFO perfrun.perfcollector <> - format: event config:0-7 mask:0-7
69 [139822600889792] INFO perfrun.perfcollector <> - format: edge config:18 mask:18
70 [139822600889792] INFO perfrun.perfcollector <> - format: inv config:23 mask:23
71 [139822600889792] INFO perfrun.perfcollector <> - format: umask config:8-15 mask:8-15
71 [139822600889792] INFO perfrun.perfcollector <> - format: cmask config:24-28 mask:24-28
72 [139822600889792] WARN perfrun.perfcollector <> - pmu hwInfo is not set, at file: vcs/perfrun1/plugins/perfcollector/src/controller.cpp:779
73 [139822600889792] INFO perfrun.perfcollector <> - pmu added : family : uncore_cbox , id : 1
74 [139822600889792] INFO perfrun.launcher <> - plugin perf has been added successfully
75 [139822600889792] INFO perfrun.launcher <> - plugin aoclprofile has been added successfully
76 [139822600889792] INFO perfrun.launcher <> - plugin tpss has been added successfully
77 [139822600889792] INFO perfrun.launcher <> - plugin exprof has been added successfully
78 [139822600889792] INFO perfrun.launcher <> - plugin media has been added successfully
78 [139822600889792] INFO perfrun.launcher <> - plugin ice has been added successfully
79 [139822600889792] INFO perfrun.launcher <> - plugin  has been added successfully
80 [139822600889792] INFO perfrun.launcher <> - plugin  has been added successfully
82 [139822600889792] INFO perfrun.launcher <> - plugin parallelfs has been added successfully
82 [139822600889792] INFO perfrun.launcher <> - plugin power has been added successfully
83 [139822600889792] INFO perfrun.launcher <> - plugin hwloc has been added successfully
83 [139822600889792] INFO perfrun.launcher <> - plugin ipmwatch has been added successfully
84 [139822600889792] INFO perfrun.launcher <> - plugin os_counters has been added successfully
85 [139822600889792] INFO perfrun.launcher <> - the option was added --interval: Specify an interval of data collection (for example, sampling) in milliseconds.
86 [139822600889792] INFO perfrun.launcher <> - the option was added --follow-child: Profile process with or without children.
87 [139822600889792] INFO perfrun.launcher <> - the option was added --gelding: BADMSG: perfrun1.launcher.plugin_manager::gelding
87 [139822600889792] INFO perfrun.launcher <> - the option was added --time-source: Specify time source for measurement. Possible values: sys - wall clock time; tsc - time stamp counter; ext - time from an external source; auto - auto select accurate time source.
88 [139822600889792] INFO perfrun.launcher <> - the option was added --stack: Enable or disable collection of stacks.
110 [139822600889792] INFO perfrun.launcher <> - the option was added --stack-stitching: Enable or disable the stack stitching algorithm for Intel TBB-based applications.
111 [139822600889792] INFO perfrun.launcher <> - the option was added --type: Specify type of data to be collected. For example, --type cpu:counters,waiting:nostack,io.
113 [139822600889792] INFO perfrun.launcher <> - the option was added --mrte-mode: Specify Java/.NET/other managed runtime collection mode. Possible values: native - collect information only for native code; managed - collect information only for managed code; mixed - collect information for both managed and native code; auto - choose the mode based on binary type.
114 [139822600889792] INFO perfrun.launcher <> - the option was added --mrte-mode-list: List supported Java/.NET/other managed runtime collection modes.
115 [139822600889792] INFO perfrun.launcher <> - the option was added --mrte-type: Specify which managed runtimes to collect. Possible values: java - collect information for Java; dotnet - collect information for .NET; python - collect information for CPython. You can specify several values separated by comma.
116 [139822600889792] INFO perfrun.launcher <> - the option was added --mrte-type-list: List supported Java/.NET/other managed runtime types.
117 [139822600889792] INFO perfrun.launcher <> - the option was added --trace-strategy: Specify how to profile a process tree. <string> can be "<process>:trace:notrace" - profile the process but do not profile its children. Shorthand parameters: t - trace, nt - notrace. For example, "vtunedemo.exe:t:t".
118 [139822600889792] INFO perfrun.launcher <> - the option was added --collector: BADMSG: perfrun1.launcher.plugin_manager::collector
118 [139822600889792] INFO perfrun.launcher <> - the option was added --system-wide: Enable system-wide profiling. This mode may require additional permissions.
119 [139822600889792] INFO perfrun.launcher <> - the option was added --kvm-guest: Enable KVM guest OS profiling.
120 [139822600889792] INFO perfrun.launcher <> - the option was added --kvm-guest-kallsyms: Specify a local path to the /proc/kallsyms file copied from the guest OS for proper symbol resolution.
121 [139822600889792] INFO perfrun.launcher <> - the option was added --kvm-guest-modules: Specify a local path to the /proc/modules file copied from the guest OS for proper symbol resolution.
122 [139822600889792] INFO perfrun.launcher <> - the option was added --bandwidth-limits: Measure bandwidth limits
123 [139822600889792] INFO perfrun.launcher <> - the option was added --acrn-map-info: Collect map info for ACRN
124 [139822600889792] INFO perfrun.launcher <> - the option was added --bandwidth-strategy: Bandwidth limits determination specific properties (example: --bandwidth-strategy array-size=0,duration=500).
125 [139822600889792] INFO perfrun.launcher <> - the option was added --bandwidth-config: List of benchmarks to run.
126 [139822600889792] INFO perfrun.launcher <> - the option was added --dump-vdso: Dump [vdso] to result directory
127 [139822600889792] INFO perfrun.launcher <> - the option was added --system-collector-config: Specify subcollectors. Possible values: all, container, device-info, none. Specify subcollectors. Possible values: all, vdso.
128 [139822600889792] INFO perfrun.launcher <> - the option was added --itt-config: Specify a sub-set of ITT API to collect.
129 [139822600889792] INFO perfrun.launcher <> - the option was added --itt-debug: Set pseudo-breakpoint at ITT API collector's start to enable the debugger to attach early.
129 [139822600889792] INFO perfrun.launcher <> - the option was added --ptrace: Ptrace collector.
130 [139822600889792] INFO perfrun.launcher <> - the option was added --target-pid: BADMSG: perfrun1.ptracecollector::target-pid
131 [139822600889792] INFO perfrun.launcher <> - the option was added --ptrace-server-pid: BADMSG: perfrun1.ptracecollector::ptrace-server-pid
149 [139822600889792] INFO perfrun.launcher <> - the option was added --ptrace-trace: BADMSG: perfrun1.ptracecollector::ptrace-trace
150 [139822600889792] INFO perfrun.launcher <> - the option was added --ptrace-time-source: BADMSG: perfrun1.ptracecollector::ptrace-time-source
151 [139822600889792] INFO perfrun.launcher <> - the option was added --ptrace-start-type: BADMSG: perfrun1.ptracecollector::ptrace-start-type
152 [139822600889792] INFO perfrun.launcher <> - the option was added --gpu-config: Specify types of GPU data to be collected. Possible values: preset1, preset2.
153 [139822600889792] INFO perfrun.launcher <> - the option was added --gpu-debug: Enable self-testing of the GPGPU profiling collector.
153 [139822600889792] INFO perfrun.launcher <> - the option was added --gpu-counting: Collect GPU data in the counting mode.
154 [139822600889792] INFO perfrun.launcher <> - the option was added --emon-preset: Specify a preset for EMON collector. For available presets, run: emon -preset-list.
155 [139822600889792] INFO perfrun.launcher <> - the option was added --emon-csv-trace-format: Use CSV format for EMON trace file.
156 [139822600889792] INFO perfrun.launcher <> - the option was added --emon-machine-readable-ver: Write machine readable EMON version file.
157 [139822600889792] INFO perfrun.launcher <> - the option was added --custom-collector: Allows to provide arbitrary command line to be run on collection steps.
158 [139822600889792] INFO perfrun.launcher <> - the option was added --stdsrc-config: Specify Standard Sources category tag(s).
159 [139822600889792] INFO perfrun.launcher <> - the option was added --ftrace-config-list: List Linux Ftrace category tag(s).
159 [139822600889792] INFO perfrun.launcher <> - the option was added --ftrace-config: Specify Linux Ftrace category tag(s).
160 [139822600889792] INFO perfrun.launcher <> - the option was added --ftrace-function-groups: Enable tracing of specific groups of functions.
161 [139822600889792] INFO perfrun.launcher <> - the option was added --event-info: BADMSG: perfrun1.stdsrc::event-info
162 [139822600889792] INFO perfrun.launcher <> - the option was added --cpu-list: List supported CPUs.
162 [139822600889792] INFO perfrun.launcher <> - the option was added --target-list: List available targets for performing sampling collection.
163 [139822600889792] INFO perfrun.launcher <> - the option was added --event-value-list: Display event information.
164 [139822600889792] INFO perfrun.launcher <> - the option was added --platform-value-list: Display details of supported platforms.
165 [139822600889792] INFO perfrun.launcher <> - the option was added --uncore-event-list: List uncore events for which a sampling data collection can be performed on this platform.
166 [139822600889792] INFO perfrun.launcher <> - the option was added --modifier-list: Specify the event name <string> for which the modifiers list is requested.
167 [139822600889792] INFO perfrun.launcher <> - the option was added --pmu-list: List supported PMUs.
167 [139822600889792] INFO perfrun.launcher <> - the option was added --os-mode-only: Enable sampling data collection for OS-mode processes only.
168 [139822600889792] INFO perfrun.launcher <> - the option was added --user-mode-only: Enable sampling data collection for user-mode processes only.
169 [139822600889792] INFO perfrun.launcher <> - the option was added --event-config: Perform data collection for the events with <string> configured using the format <event name1>":modifier1=val:modifier2=val/constraint1={:modifier3=val:modifier4=val}...,"<event name2>":... Specify the events(s) to monitor and embed the event names within double quotes("). [:modifier=val] specifies individual event modifiers along with the respective values for a given platform. Note that the modifiers can be generic to an event as well as specific to a constraint (or an event qualifier). The constraint specific special modifiers appear after [/constraint=]. The modifiers can be in decimal or hexadecimal format. Only specific modifiers accept the value as a string. Each event specification is delimited by a comma (,). For a list of supported modifiers and constraints, refer to the documentation.
170 [139822600889792] INFO perfrun.launcher <> - the option was added --chipset-event-config: Perform data collection for the chipset events with <string> configured using the format "<event name1>"...,"<event name2>":... Specify the events(s) to monitor and embed the event names within double quotes(").
184 [139822600889792] INFO perfrun.launcher <> - the option was added --uncore-event-config: Perform uncore data collection in ebc count mode for the events with <string> configured using the format "<event name1>"...,"<event name2>":... Specify the events(s) to monitor and embed the event names within double quotes(").
185 [139822600889792] INFO perfrun.launcher <> - the option was added --count-emon: Enable counting mode and output the data in EMON format.
185 [139822600889792] INFO perfrun.launcher <> - the option was added --event-based-counts: Enable event-based counting mode. During sampling data collection, event counts data is collected for the list of events specified in -event-config option.
186 [139822600889792] INFO perfrun.launcher <> - the option was added --event-mux-tfactor: Specify the event multiplexing tfactor as <integer> to set the length of the interval between interrupts. The larger the tfactor value, the larger the period between interrupts. Currently this option is only available on Intel platforms codenamed Knights Corner.
187 [139822600889792] INFO perfrun.launcher <> - the option was added --full-pebs-capture: Capture full pebs information.
187 [139822600889792] INFO perfrun.launcher <> - the option was added --last-branch-records: Capture Last Branch Records information.
188 [139822600889792] INFO perfrun.launcher <> - the option was added --pmu-type: Specify the targeted PMU name as <string>.
189 [139822600889792] INFO perfrun.launcher <> - the option was added --platform-type: Specify the targeted platform number as <number>.
189 [139822600889792] INFO perfrun.launcher <> - the option was added --p-state-trigger: Specify the name of the trigger event for P-state data as <string>. The default trigger is CPU_CLK_UNHALTED.REF_TSC.
189 [139822600889792] INFO perfrun.launcher <> - the option was added --bts-count: Specify the <integer> number of BTS records collected after each sample or context switch (VTSS++ only).
190 [139822600889792] INFO perfrun.launcher <> - the option was added --cpu-mask: Specify which CPU(s) <string> to collect data on. For example, specify "2-8,10,12-14" to sample only CPUs 2 through 8, 10, and 12 through 14.
190 [139822600889792] INFO perfrun.launcher <> - the option was added --event-mux-alg: Specify the event multiplexing algorithm. Possible values: sequence, timer, trigger.
191 [139822600889792] INFO perfrun.launcher <> - the option was added --event-mux-timeslice: Specify the event multiplexing time slice value as <integer>. The time slice specifies the duration between cycles for each event multiplexing group. The default value is 50 milliseconds. This option is valid only for timer-based event multiplexing. Specify the event multiplexing time slice value as <integer>. The time slice specifies the duration between cycles for each event multiplexing group. The default value is 1 millisecond. This option is valid only for timer-based event multiplexing.
191 [139822600889792] INFO perfrun.launcher <> - the option was added --event-mux-factor: Specify the event multiplexing factor as <integer>. It controls the switching of event multiplexing groups. The default factor is 50. This option is valid only for trigger-based event multiplexing. Specify the event multiplexing factor as <integer>. It controls the switching of event multiplexing groups. The default factor is 1. This option is valid only for trigger-based event multiplexing.
192 [139822600889792] INFO perfrun.launcher <> - the option was added --event-mux-trigger: Specify the name of the trigger event for event multiplexing as <string>. This option is valid only for trigger-based event multiplexing. The default trigger is CPU_CLK_UNHALTED.CORE (or CPU_CLK_UNHALTED.THREAD). BADMSG: perfrun1.vtsspp::event-mux-trigger
206 [139822600889792] INFO perfrun.launcher <> - the option was added --pt-mode: BADMSG: perfrun1.vtsspp::pt-mode
206 [139822600889792] INFO perfrun.launcher <> - the option was added --sample-after-multiplier: Specify the sample after multiplier as <double>. This multiplier modifies the sample after value for all the events specified in -event-config option. The values can range from 0.1 to 100.0. SAV multiplier value
207 [139822600889792] INFO perfrun.launcher <> - the option was added --uncore-sampling-interval: Specify the uncore sampling interval as <integer>. This value set the uncore sampling interval for all the uncore events specified in -event-config option.
207 [139822600889792] INFO perfrun.launcher <> - the option was added --count: Enable counting mode. Enable counting mode
208 [139822600889792] INFO perfrun.launcher <> - the option was added --trace-mpi: Configure collector to trace MPI code.
209 [139822600889792] INFO perfrun.launcher <> - the option was added --aggregated-counting: Enable aggregated counting mode. Enable aggregated-counting mode
210 [139822600889792] INFO perfrun.launcher <> - the option was added --perf-per-cpu: System-wide collection from all CPUs
211 [139822600889792] INFO perfrun.launcher <> - the option was added --raw-perf-config: Specify a verified configuration for the Perf collector in the format: <describer>,<content>. For example: map-events-file,<path_to_map_events_file>.
212 [139822600889792] INFO perfrun.launcher <> - the option was added --sys-config: BADMSG: perfrun1.vtsspp::sys-config Specify types of system data to be collected. Supported value: cswitch - collect context switch information.
212 [139822600889792] INFO perfrun.launcher <> - the option was added --perf-event-config: Specify events for Perf collector in Perf format. For example: perf-event-config=cpu-clock.
212 [139822600889792] INFO perfrun.launcher <> - the option was added --perf-aio: Number of control blocks in asynchronous trace writing mode.
213 [139822600889792] INFO perfrun.launcher <> - the option was added --perf-compression: Specify compression of Perf collector output data. Possible levels: 0 - without compression, 1..3 - best speed, 4..22 - best compression that incurs big overhead.
214 [139822600889792] INFO perfrun.launcher <> - the option was added --perf-mmap-flush: Minimum data size read from the kernel mapped region.
215 [139822600889792] INFO perfrun.launcher <> - the option was added --perf-affinity: Adjust an affinity mask of the Perf thread to a node with an allocated memory trace buffer.
216 [139822600889792] INFO perfrun.launcher <> - the option was added --perf-threads: Setup threading mode for trace writing.
217 [139822600889792] INFO perfrun.launcher <> - the option was added --aocl-profile: Enable profiling data collection through the aocl profiling tool.
218 [139822600889792] INFO perfrun.launcher <> - the option was added --aocl-source-file: Path to .source file that can be found in the compilation output directory of FPGA application. This option is recommended for accurate attribution of performance statistics to the source lines. If not specified, the profiler will try to find the file in the current directory.
218 [139822600889792] INFO perfrun.launcher <> - the option was added --stackwalk: Specify stack unwinding method. Possible values: online - unwind stacks during collection; offline - unwind stacks after collection is finished. Specify stack unwinding method. Possible value: lbr - unwind stacks during collection. Specify stack unwinding method. Possible values: online - unwind stacks during collection; offline - unwind stacks after collection is finished; lbr - enable LBR-based call stack collection. Specify stack unwinding method. Possible values: online - unwind stacks during collection; offline - unwind stacks after collection is finished. Specify stack unwinding method. Possible values: online - unwind stacks during collection; offline - unwind stacks after collection is finished.
219 [139822600889792] INFO perfrun.launcher <> - the option was added --filter-include: Filter data during collection. Possible values: contended=<on|off> - filter out uncontended events; contended_nostack=<time> - filter out stacks for contended events that take less than <time> microseconds; wait=<time> - ignore transitions and blocks with wait time less than <time> microseconds; wait_nostack=<time> - filter out stacks for waits that take less than <time> microseconds.
219 [139822600889792] INFO perfrun.launcher <> - the option was added --debug-pin: Debug PIN tool and runtime.
220 [139822600889792] INFO perfrun.launcher <> - the option was added --debug-exception: Disallow the application to set own abnormal termination handler.
221 [139822600889792] INFO perfrun.launcher <> - the option was added --trace-type: Specify the trace file granularity. Possible values: per-thread - per-thread trace file generation; per-process - per-process trace file generation.
222 [139822600889792] INFO perfrun.launcher <> - the option was added --instrumentation-type: Specify type of instrumentation.
222 [139822600889792] INFO perfrun.launcher <> - the option was added --altstack: Enable or disable usage of altstacks for profiling signal handlers.
223 [139822600889792] INFO perfrun.launcher <> - the option was added --profiling-signal: BADMSG: perfrun1.ptracecollector::profiling-signal Alternate profiling signal.
223 [139822600889792] INFO perfrun.launcher <> - the option was added --memory-strategy: Specify a minimal memory object size to be traced and a hash table size for faster objects search; for example: --memory-strategy obj-size-min=1024,hash-table-size=4096.
224 [139822600889792] INFO perfrun.launcher <> - the option was added --gpu-profiling-type: Specify a type of deep GPU profiling: none, bblatency, memlatency, instcount.
225 [139822600889792] INFO perfrun.launcher <> - the option was added --opencl-trace-mode: Specify OpenCL kernel tracing modes: 'default' to trace OpenCL kernels for Intel Graphics Driver only; 'epoch' for any non-Intel graphics, where OpenCL kernels will be traced and OpenCL profiling API timestamps will be interpreted as Unux Epoch time in nanoseconds; 'completion' to trace OpenCL kernels for any Graphics Driver and bind OpenCL profiling API timestamps to the timestamp of OpenCL completion callback.
225 [139822600889792] INFO perfrun.launcher <> - the option was added --gpu-kernels-to-profile: Specify a comma-separated list of GPU kernel names and invocations to be profiled in the following format: kernel_name[#start_idx#step#stop_idx], where kernel_name is the name of GPU kernel; start_idx is the number of the first invocation; and stop_idx is the number of the last invocation to be profiled.
226 [139822600889792] INFO perfrun.launcher <> - the option was added --exprof-com-list: List available COM ports.
227 [139822600889792] INFO perfrun.launcher <> - the option was added --exprof-dvc-list: List available DvC IDs.
228 [139822600889792] INFO perfrun.launcher <> - the option was added --exprof-trace-channel: BADMSG: perfrun1.exprof::exprof-trace-channel
229 [139822600889792] INFO perfrun.launcher <> - the option was added --exprof-event-config: Specify ExactProfiling Event Classes.
230 [139822600889792] INFO perfrun.launcher <> - the option was added --ice-pmons-list: BADMSG: perfrun1.ice::ice-pmons-list
230 [139822600889792] INFO perfrun.launcher <> - the option was added --ice-pmons-config: BADMSG: perfrun1.ice::ice-pmons-config
231 [139822600889792] INFO perfrun.launcher <> - the option was added --ice-sw-trace: Collect software traces of the Intel Neural Network Processor (NNP-I) and analyze software context of inference progress.
232 [139822600889792] INFO perfrun.launcher <> - the option was added --ice-sample-after-value: BADMSG: perfrun1.ice::ice-sample-after-value
233 [139822600889792] INFO perfrun.launcher <> - the option was added --ice-frequency: BADMSG: perfrun1.ice::ice-frequency
234 [139822600889792] INFO perfrun.launcher <> - the option was added --parallel-fs-config: Specify parallel fs counters to collect.
235 [139822600889792] INFO perfrun.launcher <> - the option was added --pwr-config: BADMSG: perfrun1.vtsspp::pwr-config Specify power metrics configuration.
236 [139822600889792] INFO perfrun.launcher <> - the option was added --collect-topology: Collect topology info with hwloc.
237 [139822600889792] INFO perfrun.launcher <> - the option was added --persistent-mem-metrics: Collect Persistent Memory performance counters.
237 [139822600889792] INFO perfrun.launcher <> - the option was added --os-counters: Collect OS counters
239 [139822600889792] INFO perfrun.launcher <> - create msngr2::ICliToolContext
239 [139822600889792] INFO perfrun.launcher <> - create file finder object
241 [139822473582336] INFO perfrun.launcher <> - plugin [remoteplug] was disabled because it doesn't support the given collection type.
241 [139822473582336] INFO perfrun.launcher <> - plugin [system] was disabled because it doesn't support the given collection type.
241 [139822473582336] INFO perfrun.vdso <> - dumping [vdso] pseudomodule
241 [139822473582336] INFO perfrun.launcher <> - plugin [itt] was disabled because it doesn't support the given collection type.
242 [139822473582336] INFO perfrun.launcher <> - plugin [ptracecollector] was disabled because it doesn't support the given collection type.
242 [139822473582336] INFO perfrun.launcher <> - plugin [gpu] was disabled because it doesn't support the given collection type.
242 [139822473582336] INFO perfrun.launcher <> - plugin [] was disabled because it doesn't support the given collection type.
242 [139822473582336] INFO perfrun.launcher <> - plugin [] was disabled because it doesn't support the given collection type.
242 [139822473582336] INFO perfrun.launcher <> - plugin [] was disabled because it doesn't support the given collection type.
242 [139822473582336] INFO perfrun.launcher <> - plugin [mrte] was disabled because it doesn't support the given collection type.
242 [139822473582336] INFO perfrun.launcher <> - plugin [emon] was disabled because it doesn't support the given collection type.
242 [139822473582336] INFO perfrun.launcher <> - plugin [cuscol] was disabled because it doesn't support the given collection type.
242 [139822473582336] INFO perfrun.launcher <> - plugin [stdsrc] was disabled because it doesn't support the given collection type.
242 [139822473582336] INFO perfrun.launcher <> - plugin [sep] was disabled because it doesn't support the given collection type.
243 [139822473582336] INFO perfrun.launcher <> - plugin [vtsspp] was disabled because it doesn't support the given collection type.
243 [139822473582336] INFO perfrun.launcher <> - plugin [perf] was disabled because it doesn't support the given collection type.
243 [139822473582336] INFO perfrun.launcher <> - plugin [aoclprofile] was disabled because it doesn't support the given collection type.
244 [139822473582336] INFO perfrun.launcher <> - plugin [tpss] was disabled because it doesn't support the given collection type.
245 [139822473582336] INFO perfrun.launcher <> - plugin [exprof] was disabled because it doesn't support the given collection type.
245 [139822473582336] INFO perfrun.launcher <> - plugin [media] was disabled because it doesn't support the given collection type.
245 [139822473582336] INFO perfrun.launcher <> - plugin [ice] was disabled because it doesn't support the given collection type.
245 [139822473582336] INFO perfrun.launcher <> - plugin [] was disabled because it doesn't support the given collection type.
245 [139822473582336] INFO perfrun.launcher <> - plugin [] was disabled because it doesn't support the given collection type.
245 [139822473582336] INFO perfrun.launcher <> - plugin [parallelfs] was disabled because it doesn't support the given collection type.
245 [139822473582336] INFO perfrun.launcher <> - plugin [power] was disabled because it doesn't support the given collection type.
245 [139822473582336] INFO perfrun.launcher <> - plugin [hwloc] was disabled because it doesn't support the given collection type.
245 [139822473582336] INFO perfrun.launcher <> - plugin [ipmwatch] was disabled because it doesn't support the given collection type.
245 [139822473582336] INFO perfrun.launcher <> - plugin [os_counters] was disabled because it doesn't support the given collection type.
246 [139822600889792] INFO perfrun.launcher <> - Application exit code: 0
247 [139822600889792] INFO perfrun.launcher <> - Exit code: 0
