7 [139815598962112] INFO perfrun.launcher <> - Launcher main begin
8 [139815598962112] INFO perfrun.launcher <> - MessageCatalogInit finished
9 [139815598962112] INFO perfrun.launcher <> - Launcher instance created
9 [139815598962112] INFO perfrun.launcher <> - argc = 6; cmdline = /opt/intel/vtune_profiler_2020.2.0.610396/bin64/amplxe-runss -dump-vdso -r /tmp/amplxe-tmp-yingj4/amplxe-res-29950-11511713763361836 --tmp-dir /tmp/amplxe-tmp-yingj4 
15 [139815598962112] INFO perfrun.launcher <> - plugin remoteplug has been added successfully
15 [139815598962112] INFO perfrun.launcher <> - plugin system has been added successfully
16 [139815598962112] INFO perfrun.launcher <> - plugin vdso has been added successfully
17 [139815598962112] INFO perfrun.launcher <> - plugin itt has been added successfully
18 [139815598962112] INFO perfrun.launcher <> - plugin ptracecollector has been added successfully
19 [139815598962112] INFO perfrun.launcher <> - plugin gpu has been added successfully
20 [139815598962112] INFO perfrun.launcher <> - plugin  has been added successfully
21 [139815598962112] INFO perfrun.launcher <> - plugin  has been added successfully
21 [139815598962112] INFO perfrun.launcher <> - plugin  has been added successfully
22 [139815598962112] INFO perfrun.launcher <> - plugin mrte has been added successfully
23 [139815598962112] INFO perfrun.launcher <> - plugin emon has been added successfully
24 [139815598962112] INFO perfrun.launcher <> - plugin cuscol has been added successfully
25 [139815598962112] INFO perfrun.launcher <> - plugin stdsrc has been added successfully
26 [139815598962112] INFO perfrun.launcher <> - plugin sep has been added successfully
27 [139815598962112] INFO perfrun.launcher <> - plugin vtsspp has been added successfully
28 [139815598962112] INFO perfrun.sdk <> - Reading value (-1) from file: /proc/sys/kernel/perf_event_paranoid
29 [139815598962112] INFO perfrun.perfcollector <> - checking access to: /opt/intel/vtune_profiler_2020.2.0.610396/bin64/amplxe-perf-priv
31 [139815598962112] INFO perfrun.perfcollector <> - cpu: family = 6 model = 158
31 [139815598962112] INFO perfrun.perfcollector <> - dir found : /sys/bus/event_source/devices/software
32 [139815598962112] WARN perfrun.perfcollector <> - format subdir doesn't exist, at file: vcs/perfrun1/plugins/perfcollector/src/controller.cpp:685
32 [139815598962112] WARN perfrun.perfcollector <> - pmu hwInfo is not set, at file: vcs/perfrun1/plugins/perfcollector/src/controller.cpp:779
33 [139815598962112] INFO perfrun.perfcollector <> - pmu added : family : software , id : 0
34 [139815598962112] INFO perfrun.perfcollector <> - dir found : /sys/bus/event_source/devices/power
35 [139815598962112] INFO perfrun.perfcollector <> - format: event config:0-7 mask:0-7
36 [139815598962112] WARN perfrun.perfcollector <> - pmu hwInfo is not set, at file: vcs/perfrun1/plugins/perfcollector/src/controller.cpp:779
38 [139815598962112] INFO perfrun.perfcollector <> - pmu added : family : power , id : 0
39 [139815598962112] INFO perfrun.perfcollector <> - dir found : /sys/bus/event_source/devices/uncore_cbox_4
40 [139815598962112] INFO perfrun.perfcollector <> - format: event config:0-7 mask:0-7
41 [139815598962112] INFO perfrun.perfcollector <> - format: edge config:18 mask:18
42 [139815598962112] INFO perfrun.perfcollector <> - format: inv config:23 mask:23
43 [139815598962112] INFO perfrun.perfcollector <> - format: umask config:8-15 mask:8-15
44 [139815598962112] INFO perfrun.perfcollector <> - format: cmask config:24-28 mask:24-28
44 [139815598962112] WARN perfrun.perfcollector <> - pmu hwInfo is not set, at file: vcs/perfrun1/plugins/perfcollector/src/controller.cpp:779
45 [139815598962112] INFO perfrun.perfcollector <> - pmu added : family : uncore_cbox , id : 4
46 [139815598962112] INFO perfrun.perfcollector <> - dir found : /sys/bus/event_source/devices/uprobe
47 [139815598962112] INFO perfrun.perfcollector <> - format: ref_ctr_offset config:32-63 mask:32-63
48 [139815598962112] INFO perfrun.perfcollector <> - format: retprobe config:0 mask:0
49 [139815598962112] WARN perfrun.perfcollector <> - pmu hwInfo is not set, at file: vcs/perfrun1/plugins/perfcollector/src/controller.cpp:779
50 [139815598962112] INFO perfrun.perfcollector <> - pmu added : family : uprobe , id : 0
52 [139815598962112] INFO perfrun.perfcollector <> - dir found : /sys/bus/event_source/devices/uncore_imc
53 [139815598962112] INFO perfrun.perfcollector <> - format: event config:0-7 mask:0-7
54 [139815598962112] INFO perfrun.perfcollector <> - hwInfo : PERF_IMC_PMU_DETAILS
55 [139815598962112] INFO perfrun.perfcollector <> - pmu added : family : uncore_imc , id : 0
56 [139815598962112] INFO perfrun.perfcollector <> - dir found : /sys/bus/event_source/devices/cpu
57 [139815598962112] INFO perfrun.perfcollector <> - format: event config:0-7 mask:0-7
58 [139815598962112] INFO perfrun.perfcollector <> - format: pc config:19 mask:19
59 [139815598962112] INFO perfrun.perfcollector <> - format: in_tx config:32 mask:32
59 [139815598962112] INFO perfrun.perfcollector <> - format: edge config:18 mask:18
60 [139815598962112] INFO perfrun.perfcollector <> - format: any config:21 mask:21
60 [139815598962112] INFO perfrun.perfcollector <> - format: offcore_rsp config1:0-63 mask:0-63
61 [139815598962112] INFO perfrun.perfcollector <> - format: in_tx_cp config:33 mask:33
61 [139815598962112] INFO perfrun.perfcollector <> - format: ldlat config1:0-15 mask:0-15
62 [139815598962112] INFO perfrun.perfcollector <> - format: inv config:23 mask:23
63 [139815598962112] INFO perfrun.perfcollector <> - format: umask config:8-15 mask:8-15
64 [139815598962112] INFO perfrun.perfcollector <> - format: frontend config1:0-23 mask:0-23
65 [139815598962112] INFO perfrun.perfcollector <> - format: cmask config:24-31 mask:24-31
65 [139815598962112] INFO perfrun.perfcollector <> - hwInfo : PERF_CPU_PMU_DETAILS
66 [139815598962112] INFO perfrun.perfcollector <> - pmu added : family : cpu , id : 0
66 [139815598962112] INFO perfrun.perfcollector <> - dir found : /sys/bus/event_source/devices/cstate_core
67 [139815598962112] INFO perfrun.perfcollector <> - format: event config:0-63 mask:0-63
68 [139815598962112] WARN perfrun.perfcollector <> - pmu hwInfo is not set, at file: vcs/perfrun1/plugins/perfcollector/src/controller.cpp:779
68 [139815598962112] INFO perfrun.perfcollector <> - pmu added : family : cstate_core , id : 0
68 [139815598962112] INFO perfrun.perfcollector <> - dir found : /sys/bus/event_source/devices/uncore_cbox_2
69 [139815598962112] INFO perfrun.perfcollector <> - format: event config:0-7 mask:0-7
70 [139815598962112] INFO perfrun.perfcollector <> - format: edge config:18 mask:18
71 [139815598962112] INFO perfrun.perfcollector <> - format: inv config:23 mask:23
71 [139815598962112] INFO perfrun.perfcollector <> - format: umask config:8-15 mask:8-15
72 [139815598962112] INFO perfrun.perfcollector <> - format: cmask config:24-28 mask:24-28
73 [139815598962112] WARN perfrun.perfcollector <> - pmu hwInfo is not set, at file: vcs/perfrun1/plugins/perfcollector/src/controller.cpp:779
74 [139815598962112] INFO perfrun.perfcollector <> - pmu added : family : uncore_cbox , id : 2
74 [139815598962112] INFO perfrun.perfcollector <> - dir found : /sys/bus/event_source/devices/breakpoint
75 [139815598962112] WARN perfrun.perfcollector <> - format subdir doesn't exist, at file: vcs/perfrun1/plugins/perfcollector/src/controller.cpp:685
75 [139815598962112] WARN perfrun.perfcollector <> - pmu hwInfo is not set, at file: vcs/perfrun1/plugins/perfcollector/src/controller.cpp:779
75 [139815598962112] INFO perfrun.perfcollector <> - pmu added : family : breakpoint , id : 0
76 [139815598962112] INFO perfrun.perfcollector <> - dir found : /sys/bus/event_source/devices/uncore_cbox_0
76 [139815598962112] INFO perfrun.perfcollector <> - format: event config:0-7 mask:0-7
77 [139815598962112] INFO perfrun.perfcollector <> - format: edge config:18 mask:18
79 [139815598962112] INFO perfrun.perfcollector <> - format: inv config:23 mask:23
80 [139815598962112] INFO perfrun.perfcollector <> - format: umask config:8-15 mask:8-15
81 [139815598962112] INFO perfrun.perfcollector <> - format: cmask config:24-28 mask:24-28
82 [139815598962112] WARN perfrun.perfcollector <> - pmu hwInfo is not set, at file: vcs/perfrun1/plugins/perfcollector/src/controller.cpp:779
84 [139815598962112] INFO perfrun.perfcollector <> - pmu added : family : uncore_cbox , id : 0
85 [139815598962112] INFO perfrun.perfcollector <> - dir found : /sys/bus/event_source/devices/tracepoint
86 [139815598962112] WARN perfrun.perfcollector <> - format subdir doesn't exist, at file: vcs/perfrun1/plugins/perfcollector/src/controller.cpp:685
87 [139815598962112] WARN perfrun.perfcollector <> - pmu hwInfo is not set, at file: vcs/perfrun1/plugins/perfcollector/src/controller.cpp:779
87 [139815598962112] INFO perfrun.perfcollector <> - pmu added : family : tracepoint , id : 0
88 [139815598962112] INFO perfrun.perfcollector <> - dir found : /sys/bus/event_source/devices/cstate_pkg
89 [139815598962112] INFO perfrun.perfcollector <> - format: event config:0-63 mask:0-63
90 [139815598962112] WARN perfrun.perfcollector <> - pmu hwInfo is not set, at file: vcs/perfrun1/plugins/perfcollector/src/controller.cpp:779
91 [139815598962112] INFO perfrun.perfcollector <> - pmu added : family : cstate_pkg , id : 0
92 [139815598962112] INFO perfrun.perfcollector <> - dir found : /sys/bus/event_source/devices/uncore_arb
93 [139815598962112] INFO perfrun.perfcollector <> - format: event config:0-7 mask:0-7
94 [139815598962112] INFO perfrun.perfcollector <> - format: edge config:18 mask:18
95 [139815598962112] INFO perfrun.perfcollector <> - format: inv config:23 mask:23
96 [139815598962112] INFO perfrun.perfcollector <> - format: umask config:8-15 mask:8-15
98 [139815598962112] INFO perfrun.perfcollector <> - format: cmask config:24-28 mask:24-28
99 [139815598962112] WARN perfrun.perfcollector <> - pmu hwInfo is not set, at file: vcs/perfrun1/plugins/perfcollector/src/controller.cpp:779
100 [139815598962112] INFO perfrun.perfcollector <> - pmu added : family : uncore_arb , id : 0
100 [139815598962112] INFO perfrun.perfcollector <> - dir found : /sys/bus/event_source/devices/kprobe
101 [139815598962112] INFO perfrun.perfcollector <> - format: retprobe config:0 mask:0
102 [139815598962112] WARN perfrun.perfcollector <> - pmu hwInfo is not set, at file: vcs/perfrun1/plugins/perfcollector/src/controller.cpp:779
103 [139815598962112] INFO perfrun.perfcollector <> - pmu added : family : kprobe , id : 0
104 [139815598962112] INFO perfrun.perfcollector <> - dir found : /sys/bus/event_source/devices/uncore_cbox_5
105 [139815598962112] INFO perfrun.perfcollector <> - format: event config:0-7 mask:0-7
106 [139815598962112] INFO perfrun.perfcollector <> - format: edge config:18 mask:18
107 [139815598962112] INFO perfrun.perfcollector <> - format: inv config:23 mask:23
109 [139815598962112] INFO perfrun.perfcollector <> - format: umask config:8-15 mask:8-15
110 [139815598962112] INFO perfrun.perfcollector <> - format: cmask config:24-28 mask:24-28
111 [139815598962112] WARN perfrun.perfcollector <> - pmu hwInfo is not set, at file: vcs/perfrun1/plugins/perfcollector/src/controller.cpp:779
112 [139815598962112] INFO perfrun.perfcollector <> - pmu added : family : uncore_cbox , id : 5
113 [139815598962112] INFO perfrun.perfcollector <> - dir found : /sys/bus/event_source/devices/msr
113 [139815598962112] INFO perfrun.perfcollector <> - format: event config:0-63 mask:0-63
114 [139815598962112] WARN perfrun.perfcollector <> - pmu hwInfo is not set, at file: vcs/perfrun1/plugins/perfcollector/src/controller.cpp:779
114 [139815598962112] INFO perfrun.perfcollector <> - pmu added : family : msr , id : 0
116 [139815598962112] INFO perfrun.perfcollector <> - dir found : /sys/bus/event_source/devices/uncore_cbox_3
116 [139815598962112] INFO perfrun.perfcollector <> - format: event config:0-7 mask:0-7
117 [139815598962112] INFO perfrun.perfcollector <> - format: edge config:18 mask:18
118 [139815598962112] INFO perfrun.perfcollector <> - format: inv config:23 mask:23
119 [139815598962112] INFO perfrun.perfcollector <> - format: umask config:8-15 mask:8-15
120 [139815598962112] INFO perfrun.perfcollector <> - format: cmask config:24-28 mask:24-28
122 [139815598962112] WARN perfrun.perfcollector <> - pmu hwInfo is not set, at file: vcs/perfrun1/plugins/perfcollector/src/controller.cpp:779
123 [139815598962112] INFO perfrun.perfcollector <> - pmu added : family : uncore_cbox , id : 3
124 [139815598962112] INFO perfrun.perfcollector <> - dir found : /sys/bus/event_source/devices/intel_pt
124 [139815598962112] INFO perfrun.perfcollector <> - format: ptw config:12 mask:12
125 [139815598962112] INFO perfrun.perfcollector <> - format: cyc_thresh config:19-22 mask:19-22
126 [139815598962112] INFO perfrun.perfcollector <> - format: pt config:0 mask:0
128 [139815598962112] INFO perfrun.perfcollector <> - format: branch config:13 mask:13
129 [139815598962112] INFO perfrun.perfcollector <> - format: tsc config:10 mask:10
130 [139815598962112] INFO perfrun.perfcollector <> - format: pwr_evt config:4 mask:4
131 [139815598962112] INFO perfrun.perfcollector <> - format: fup_on_ptw config:5 mask:5
132 [139815598962112] INFO perfrun.perfcollector <> - format: cyc config:1 mask:1
134 [139815598962112] INFO perfrun.perfcollector <> - format: noretcomp config:11 mask:11
135 [139815598962112] INFO perfrun.perfcollector <> - format: mtc config:9 mask:9
137 [139815598962112] INFO perfrun.perfcollector <> - format: psb_period config:24-27 mask:24-27
138 [139815598962112] INFO perfrun.perfcollector <> - format: mtc_period config:14-17 mask:14-17
139 [139815598962112] WARN perfrun.perfcollector <> - pmu hwInfo is not set, at file: vcs/perfrun1/plugins/perfcollector/src/controller.cpp:779
140 [139815598962112] INFO perfrun.perfcollector <> - pmu added : family : intel_pt , id : 0
141 [139815598962112] INFO perfrun.perfcollector <> - dir found : /sys/bus/event_source/devices/uncore_cbox_1
142 [139815598962112] INFO perfrun.perfcollector <> - format: event config:0-7 mask:0-7
143 [139815598962112] INFO perfrun.perfcollector <> - format: edge config:18 mask:18
144 [139815598962112] INFO perfrun.perfcollector <> - format: inv config:23 mask:23
145 [139815598962112] INFO perfrun.perfcollector <> - format: umask config:8-15 mask:8-15
146 [139815598962112] INFO perfrun.perfcollector <> - format: cmask config:24-28 mask:24-28
147 [139815598962112] WARN perfrun.perfcollector <> - pmu hwInfo is not set, at file: vcs/perfrun1/plugins/perfcollector/src/controller.cpp:779
148 [139815598962112] INFO perfrun.perfcollector <> - pmu added : family : uncore_cbox , id : 1
149 [139815598962112] INFO perfrun.launcher <> - plugin perf has been added successfully
151 [139815598962112] INFO perfrun.launcher <> - plugin aoclprofile has been added successfully
153 [139815598962112] INFO perfrun.launcher <> - plugin tpss has been added successfully
154 [139815598962112] INFO perfrun.launcher <> - plugin exprof has been added successfully
155 [139815598962112] INFO perfrun.launcher <> - plugin media has been added successfully
156 [139815598962112] INFO perfrun.launcher <> - plugin ice has been added successfully
157 [139815598962112] INFO perfrun.launcher <> - plugin  has been added successfully
157 [139815598962112] INFO perfrun.launcher <> - plugin  has been added successfully
158 [139815598962112] INFO perfrun.launcher <> - plugin parallelfs has been added successfully
159 [139815598962112] INFO perfrun.launcher <> - plugin power has been added successfully
160 [139815598962112] INFO perfrun.launcher <> - plugin hwloc has been added successfully
161 [139815598962112] INFO perfrun.launcher <> - plugin ipmwatch has been added successfully
162 [139815598962112] INFO perfrun.launcher <> - plugin os_counters has been added successfully
164 [139815598962112] INFO perfrun.launcher <> - the option was added --interval: Specify an interval of data collection (for example, sampling) in milliseconds.
165 [139815598962112] INFO perfrun.launcher <> - the option was added --follow-child: Profile process with or without children.
166 [139815598962112] INFO perfrun.launcher <> - the option was added --gelding: BADMSG: perfrun1.launcher.plugin_manager::gelding
168 [139815598962112] INFO perfrun.launcher <> - the option was added --time-source: Specify time source for measurement. Possible values: sys - wall clock time; tsc - time stamp counter; ext - time from an external source; auto - auto select accurate time source.
170 [139815598962112] INFO perfrun.launcher <> - the option was added --stack: Enable or disable collection of stacks.
171 [139815598962112] INFO perfrun.launcher <> - the option was added --stack-stitching: Enable or disable the stack stitching algorithm for Intel TBB-based applications.
173 [139815598962112] INFO perfrun.launcher <> - the option was added --type: Specify type of data to be collected. For example, --type cpu:counters,waiting:nostack,io.
174 [139815598962112] INFO perfrun.launcher <> - the option was added --mrte-mode: Specify Java/.NET/other managed runtime collection mode. Possible values: native - collect information only for native code; managed - collect information only for managed code; mixed - collect information for both managed and native code; auto - choose the mode based on binary type.
175 [139815598962112] INFO perfrun.launcher <> - the option was added --mrte-mode-list: List supported Java/.NET/other managed runtime collection modes.
176 [139815598962112] INFO perfrun.launcher <> - the option was added --mrte-type: Specify which managed runtimes to collect. Possible values: java - collect information for Java; dotnet - collect information for .NET; python - collect information for CPython. You can specify several values separated by comma.
177 [139815598962112] INFO perfrun.launcher <> - the option was added --mrte-type-list: List supported Java/.NET/other managed runtime types.
178 [139815598962112] INFO perfrun.launcher <> - the option was added --trace-strategy: Specify how to profile a process tree. <string> can be "<process>:trace:notrace" - profile the process but do not profile its children. Shorthand parameters: t - trace, nt - notrace. For example, "vtunedemo.exe:t:t".
179 [139815598962112] INFO perfrun.launcher <> - the option was added --collector: BADMSG: perfrun1.launcher.plugin_manager::collector
181 [139815598962112] INFO perfrun.launcher <> - the option was added --system-wide: Enable system-wide profiling. This mode may require additional permissions.
182 [139815598962112] INFO perfrun.launcher <> - the option was added --kvm-guest: Enable KVM guest OS profiling.
183 [139815598962112] INFO perfrun.launcher <> - the option was added --kvm-guest-kallsyms: Specify a local path to the /proc/kallsyms file copied from the guest OS for proper symbol resolution.
184 [139815598962112] INFO perfrun.launcher <> - the option was added --kvm-guest-modules: Specify a local path to the /proc/modules file copied from the guest OS for proper symbol resolution.
185 [139815598962112] INFO perfrun.launcher <> - the option was added --bandwidth-limits: Measure bandwidth limits
186 [139815598962112] INFO perfrun.launcher <> - the option was added --acrn-map-info: Collect map info for ACRN
187 [139815598962112] INFO perfrun.launcher <> - the option was added --bandwidth-strategy: Bandwidth limits determination specific properties (example: --bandwidth-strategy array-size=0,duration=500).
189 [139815598962112] INFO perfrun.launcher <> - the option was added --bandwidth-config: List of benchmarks to run.
190 [139815598962112] INFO perfrun.launcher <> - the option was added --dump-vdso: Dump [vdso] to result directory
191 [139815598962112] INFO perfrun.launcher <> - the option was added --system-collector-config: Specify subcollectors. Possible values: all, container, device-info, none. Specify subcollectors. Possible values: all, vdso.
192 [139815598962112] INFO perfrun.launcher <> - the option was added --itt-config: Specify a sub-set of ITT API to collect.
193 [139815598962112] INFO perfrun.launcher <> - the option was added --itt-debug: Set pseudo-breakpoint at ITT API collector's start to enable the debugger to attach early.
194 [139815598962112] INFO perfrun.launcher <> - the option was added --ptrace: Ptrace collector.
196 [139815598962112] INFO perfrun.launcher <> - the option was added --target-pid: BADMSG: perfrun1.ptracecollector::target-pid
197 [139815598962112] INFO perfrun.launcher <> - the option was added --ptrace-server-pid: BADMSG: perfrun1.ptracecollector::ptrace-server-pid
198 [139815598962112] INFO perfrun.launcher <> - the option was added --ptrace-trace: BADMSG: perfrun1.ptracecollector::ptrace-trace
199 [139815598962112] INFO perfrun.launcher <> - the option was added --ptrace-time-source: BADMSG: perfrun1.ptracecollector::ptrace-time-source
200 [139815598962112] INFO perfrun.launcher <> - the option was added --ptrace-start-type: BADMSG: perfrun1.ptracecollector::ptrace-start-type
202 [139815598962112] INFO perfrun.launcher <> - the option was added --gpu-config: Specify types of GPU data to be collected. Possible values: preset1, preset2.
203 [139815598962112] INFO perfrun.launcher <> - the option was added --gpu-debug: Enable self-testing of the GPGPU profiling collector.
204 [139815598962112] INFO perfrun.launcher <> - the option was added --gpu-counting: Collect GPU data in the counting mode.
205 [139815598962112] INFO perfrun.launcher <> - the option was added --emon-preset: Specify a preset for EMON collector. For available presets, run: emon -preset-list.
206 [139815598962112] INFO perfrun.launcher <> - the option was added --emon-csv-trace-format: Use CSV format for EMON trace file.
208 [139815598962112] INFO perfrun.launcher <> - the option was added --emon-machine-readable-ver: Write machine readable EMON version file.
211 [139815598962112] INFO perfrun.launcher <> - the option was added --custom-collector: Allows to provide arbitrary command line to be run on collection steps.
212 [139815598962112] INFO perfrun.launcher <> - the option was added --stdsrc-config: Specify Standard Sources category tag(s).
213 [139815598962112] INFO perfrun.launcher <> - the option was added --ftrace-config-list: List Linux Ftrace category tag(s).
214 [139815598962112] INFO perfrun.launcher <> - the option was added --ftrace-config: Specify Linux Ftrace category tag(s).
215 [139815598962112] INFO perfrun.launcher <> - the option was added --ftrace-function-groups: Enable tracing of specific groups of functions.
216 [139815598962112] INFO perfrun.launcher <> - the option was added --event-info: BADMSG: perfrun1.stdsrc::event-info
217 [139815598962112] INFO perfrun.launcher <> - the option was added --cpu-list: List supported CPUs.
218 [139815598962112] INFO perfrun.launcher <> - the option was added --target-list: List available targets for performing sampling collection.
219 [139815598962112] INFO perfrun.launcher <> - the option was added --event-value-list: Display event information.
220 [139815598962112] INFO perfrun.launcher <> - the option was added --platform-value-list: Display details of supported platforms.
221 [139815598962112] INFO perfrun.launcher <> - the option was added --uncore-event-list: List uncore events for which a sampling data collection can be performed on this platform.
223 [139815598962112] INFO perfrun.launcher <> - the option was added --modifier-list: Specify the event name <string> for which the modifiers list is requested.
224 [139815598962112] INFO perfrun.launcher <> - the option was added --pmu-list: List supported PMUs.
225 [139815598962112] INFO perfrun.launcher <> - the option was added --os-mode-only: Enable sampling data collection for OS-mode processes only.
226 [139815598962112] INFO perfrun.launcher <> - the option was added --user-mode-only: Enable sampling data collection for user-mode processes only.
228 [139815598962112] INFO perfrun.launcher <> - the option was added --event-config: Perform data collection for the events with <string> configured using the format <event name1>":modifier1=val:modifier2=val/constraint1={:modifier3=val:modifier4=val}...,"<event name2>":... Specify the events(s) to monitor and embed the event names within double quotes("). [:modifier=val] specifies individual event modifiers along with the respective values for a given platform. Note that the modifiers can be generic to an event as well as specific to a constraint (or an event qualifier). The constraint specific special modifiers appear after [/constraint=]. The modifiers can be in decimal or hexadecimal format. Only specific modifiers accept the value as a string. Each event specification is delimited by a comma (,). For a list of supported modifiers and constraints, refer to the documentation.
229 [139815598962112] INFO perfrun.launcher <> - the option was added --chipset-event-config: Perform data collection for the chipset events with <string> configured using the format "<event name1>"...,"<event name2>":... Specify the events(s) to monitor and embed the event names within double quotes(").
230 [139815598962112] INFO perfrun.launcher <> - the option was added --uncore-event-config: Perform uncore data collection in ebc count mode for the events with <string> configured using the format "<event name1>"...,"<event name2>":... Specify the events(s) to monitor and embed the event names within double quotes(").
231 [139815598962112] INFO perfrun.launcher <> - the option was added --count-emon: Enable counting mode and output the data in EMON format.
232 [139815598962112] INFO perfrun.launcher <> - the option was added --event-based-counts: Enable event-based counting mode. During sampling data collection, event counts data is collected for the list of events specified in -event-config option.
233 [139815598962112] INFO perfrun.launcher <> - the option was added --event-mux-tfactor: Specify the event multiplexing tfactor as <integer> to set the length of the interval between interrupts. The larger the tfactor value, the larger the period between interrupts. Currently this option is only available on Intel platforms codenamed Knights Corner.
234 [139815598962112] INFO perfrun.launcher <> - the option was added --full-pebs-capture: Capture full pebs information.
235 [139815598962112] INFO perfrun.launcher <> - the option was added --last-branch-records: Capture Last Branch Records information.
236 [139815598962112] INFO perfrun.launcher <> - the option was added --pmu-type: Specify the targeted PMU name as <string>.
237 [139815598962112] INFO perfrun.launcher <> - the option was added --platform-type: Specify the targeted platform number as <number>.
238 [139815598962112] INFO perfrun.launcher <> - the option was added --p-state-trigger: Specify the name of the trigger event for P-state data as <string>. The default trigger is CPU_CLK_UNHALTED.REF_TSC.
239 [139815598962112] INFO perfrun.launcher <> - the option was added --bts-count: Specify the <integer> number of BTS records collected after each sample or context switch (VTSS++ only).
240 [139815598962112] INFO perfrun.launcher <> - the option was added --cpu-mask: Specify which CPU(s) <string> to collect data on. For example, specify "2-8,10,12-14" to sample only CPUs 2 through 8, 10, and 12 through 14.
241 [139815598962112] INFO perfrun.launcher <> - the option was added --event-mux-alg: Specify the event multiplexing algorithm. Possible values: sequence, timer, trigger.
242 [139815598962112] INFO perfrun.launcher <> - the option was added --event-mux-timeslice: Specify the event multiplexing time slice value as <integer>. The time slice specifies the duration between cycles for each event multiplexing group. The default value is 50 milliseconds. This option is valid only for timer-based event multiplexing. Specify the event multiplexing time slice value as <integer>. The time slice specifies the duration between cycles for each event multiplexing group. The default value is 1 millisecond. This option is valid only for timer-based event multiplexing.
243 [139815598962112] INFO perfrun.launcher <> - the option was added --event-mux-factor: Specify the event multiplexing factor as <integer>. It controls the switching of event multiplexing groups. The default factor is 50. This option is valid only for trigger-based event multiplexing. Specify the event multiplexing factor as <integer>. It controls the switching of event multiplexing groups. The default factor is 1. This option is valid only for trigger-based event multiplexing.
245 [139815598962112] INFO perfrun.launcher <> - the option was added --event-mux-trigger: Specify the name of the trigger event for event multiplexing as <string>. This option is valid only for trigger-based event multiplexing. The default trigger is CPU_CLK_UNHALTED.CORE (or CPU_CLK_UNHALTED.THREAD). BADMSG: perfrun1.vtsspp::event-mux-trigger
246 [139815598962112] INFO perfrun.launcher <> - the option was added --pt-mode: BADMSG: perfrun1.vtsspp::pt-mode
247 [139815598962112] INFO perfrun.launcher <> - the option was added --sample-after-multiplier: Specify the sample after multiplier as <double>. This multiplier modifies the sample after value for all the events specified in -event-config option. The values can range from 0.1 to 100.0. SAV multiplier value
249 [139815598962112] INFO perfrun.launcher <> - the option was added --uncore-sampling-interval: Specify the uncore sampling interval as <integer>. This value set the uncore sampling interval for all the uncore events specified in -event-config option.
250 [139815598962112] INFO perfrun.launcher <> - the option was added --count: Enable counting mode. Enable counting mode
251 [139815598962112] INFO perfrun.launcher <> - the option was added --trace-mpi: Configure collector to trace MPI code.
252 [139815598962112] INFO perfrun.launcher <> - the option was added --aggregated-counting: Enable aggregated counting mode. Enable aggregated-counting mode
253 [139815598962112] INFO perfrun.launcher <> - the option was added --perf-per-cpu: System-wide collection from all CPUs
254 [139815598962112] INFO perfrun.launcher <> - the option was added --raw-perf-config: Specify a verified configuration for the Perf collector in the format: <describer>,<content>. For example: map-events-file,<path_to_map_events_file>.
255 [139815598962112] INFO perfrun.launcher <> - the option was added --sys-config: BADMSG: perfrun1.vtsspp::sys-config Specify types of system data to be collected. Supported value: cswitch - collect context switch information.
257 [139815598962112] INFO perfrun.launcher <> - the option was added --perf-event-config: Specify events for Perf collector in Perf format. For example: perf-event-config=cpu-clock.
258 [139815598962112] INFO perfrun.launcher <> - the option was added --perf-aio: Number of control blocks in asynchronous trace writing mode.
259 [139815598962112] INFO perfrun.launcher <> - the option was added --perf-compression: Specify compression of Perf collector output data. Possible levels: 0 - without compression, 1..3 - best speed, 4..22 - best compression that incurs big overhead.
260 [139815598962112] INFO perfrun.launcher <> - the option was added --perf-mmap-flush: Minimum data size read from the kernel mapped region.
262 [139815598962112] INFO perfrun.launcher <> - the option was added --perf-affinity: Adjust an affinity mask of the Perf thread to a node with an allocated memory trace buffer.
263 [139815598962112] INFO perfrun.launcher <> - the option was added --perf-threads: Setup threading mode for trace writing.
264 [139815598962112] INFO perfrun.launcher <> - the option was added --aocl-profile: Enable profiling data collection through the aocl profiling tool.
266 [139815598962112] INFO perfrun.launcher <> - the option was added --aocl-source-file: Path to .source file that can be found in the compilation output directory of FPGA application. This option is recommended for accurate attribution of performance statistics to the source lines. If not specified, the profiler will try to find the file in the current directory.
267 [139815598962112] INFO perfrun.launcher <> - the option was added --stackwalk: Specify stack unwinding method. Possible values: online - unwind stacks during collection; offline - unwind stacks after collection is finished. Specify stack unwinding method. Possible value: lbr - unwind stacks during collection. Specify stack unwinding method. Possible values: online - unwind stacks during collection; offline - unwind stacks after collection is finished; lbr - enable LBR-based call stack collection. Specify stack unwinding method. Possible values: online - unwind stacks during collection; offline - unwind stacks after collection is finished. Specify stack unwinding method. Possible values: online - unwind stacks during collection; offline - unwind stacks after collection is finished.
268 [139815598962112] INFO perfrun.launcher <> - the option was added --filter-include: Filter data during collection. Possible values: contended=<on|off> - filter out uncontended events; contended_nostack=<time> - filter out stacks for contended events that take less than <time> microseconds; wait=<time> - ignore transitions and blocks with wait time less than <time> microseconds; wait_nostack=<time> - filter out stacks for waits that take less than <time> microseconds.
269 [139815598962112] INFO perfrun.launcher <> - the option was added --debug-pin: Debug PIN tool and runtime.
270 [139815598962112] INFO perfrun.launcher <> - the option was added --debug-exception: Disallow the application to set own abnormal termination handler.
271 [139815598962112] INFO perfrun.launcher <> - the option was added --trace-type: Specify the trace file granularity. Possible values: per-thread - per-thread trace file generation; per-process - per-process trace file generation.
272 [139815598962112] INFO perfrun.launcher <> - the option was added --instrumentation-type: Specify type of instrumentation.
273 [139815598962112] INFO perfrun.launcher <> - the option was added --altstack: Enable or disable usage of altstacks for profiling signal handlers.
275 [139815598962112] INFO perfrun.launcher <> - the option was added --profiling-signal: BADMSG: perfrun1.ptracecollector::profiling-signal Alternate profiling signal.
276 [139815598962112] INFO perfrun.launcher <> - the option was added --memory-strategy: Specify a minimal memory object size to be traced and a hash table size for faster objects search; for example: --memory-strategy obj-size-min=1024,hash-table-size=4096.
277 [139815598962112] INFO perfrun.launcher <> - the option was added --gpu-profiling-type: Specify a type of deep GPU profiling: none, bblatency, memlatency, instcount.
278 [139815598962112] INFO perfrun.launcher <> - the option was added --opencl-trace-mode: Specify OpenCL kernel tracing modes: 'default' to trace OpenCL kernels for Intel Graphics Driver only; 'epoch' for any non-Intel graphics, where OpenCL kernels will be traced and OpenCL profiling API timestamps will be interpreted as Unux Epoch time in nanoseconds; 'completion' to trace OpenCL kernels for any Graphics Driver and bind OpenCL profiling API timestamps to the timestamp of OpenCL completion callback.
279 [139815598962112] INFO perfrun.launcher <> - the option was added --gpu-kernels-to-profile: Specify a comma-separated list of GPU kernel names and invocations to be profiled in the following format: kernel_name[#start_idx#step#stop_idx], where kernel_name is the name of GPU kernel; start_idx is the number of the first invocation; and stop_idx is the number of the last invocation to be profiled.
280 [139815598962112] INFO perfrun.launcher <> - the option was added --exprof-com-list: List available COM ports.
281 [139815598962112] INFO perfrun.launcher <> - the option was added --exprof-dvc-list: List available DvC IDs.
282 [139815598962112] INFO perfrun.launcher <> - the option was added --exprof-trace-channel: BADMSG: perfrun1.exprof::exprof-trace-channel
284 [139815598962112] INFO perfrun.launcher <> - the option was added --exprof-event-config: Specify ExactProfiling Event Classes.
285 [139815598962112] INFO perfrun.launcher <> - the option was added --ice-pmons-list: BADMSG: perfrun1.ice::ice-pmons-list
286 [139815598962112] INFO perfrun.launcher <> - the option was added --ice-pmons-config: BADMSG: perfrun1.ice::ice-pmons-config
287 [139815598962112] INFO perfrun.launcher <> - the option was added --ice-sw-trace: Collect software traces of the Intel Neural Network Processor (NNP-I) and analyze software context of inference progress.
288 [139815598962112] INFO perfrun.launcher <> - the option was added --ice-sample-after-value: BADMSG: perfrun1.ice::ice-sample-after-value
289 [139815598962112] INFO perfrun.launcher <> - the option was added --ice-frequency: BADMSG: perfrun1.ice::ice-frequency
292 [139815598962112] INFO perfrun.launcher <> - the option was added --parallel-fs-config: Specify parallel fs counters to collect.
292 [139815598962112] INFO perfrun.launcher <> - the option was added --pwr-config: BADMSG: perfrun1.vtsspp::pwr-config Specify power metrics configuration.
293 [139815598962112] INFO perfrun.launcher <> - the option was added --collect-topology: Collect topology info with hwloc.
295 [139815598962112] INFO perfrun.launcher <> - the option was added --persistent-mem-metrics: Collect Persistent Memory performance counters.
296 [139815598962112] INFO perfrun.launcher <> - the option was added --os-counters: Collect OS counters
298 [139815598962112] INFO perfrun.launcher <> - create msngr2::ICliToolContext
299 [139815598962112] INFO perfrun.launcher <> - create file finder object
305 [139815471654656] INFO perfrun.launcher <> - plugin [remoteplug] was disabled because it doesn't support the given collection type.
305 [139815471654656] INFO perfrun.launcher <> - plugin [system] was disabled because it doesn't support the given collection type.
305 [139815471654656] INFO perfrun.vdso <> - dumping [vdso] pseudomodule
306 [139815471654656] INFO perfrun.launcher <> - plugin [itt] was disabled because it doesn't support the given collection type.
306 [139815471654656] INFO perfrun.launcher <> - plugin [ptracecollector] was disabled because it doesn't support the given collection type.
306 [139815471654656] INFO perfrun.launcher <> - plugin [gpu] was disabled because it doesn't support the given collection type.
306 [139815471654656] INFO perfrun.launcher <> - plugin [] was disabled because it doesn't support the given collection type.
306 [139815471654656] INFO perfrun.launcher <> - plugin [] was disabled because it doesn't support the given collection type.
306 [139815471654656] INFO perfrun.launcher <> - plugin [] was disabled because it doesn't support the given collection type.
307 [139815471654656] INFO perfrun.launcher <> - plugin [mrte] was disabled because it doesn't support the given collection type.
307 [139815471654656] INFO perfrun.launcher <> - plugin [emon] was disabled because it doesn't support the given collection type.
308 [139815471654656] INFO perfrun.launcher <> - plugin [cuscol] was disabled because it doesn't support the given collection type.
308 [139815471654656] INFO perfrun.launcher <> - plugin [stdsrc] was disabled because it doesn't support the given collection type.
309 [139815471654656] INFO perfrun.launcher <> - plugin [sep] was disabled because it doesn't support the given collection type.
310 [139815471654656] INFO perfrun.launcher <> - plugin [vtsspp] was disabled because it doesn't support the given collection type.
311 [139815471654656] INFO perfrun.launcher <> - plugin [perf] was disabled because it doesn't support the given collection type.
311 [139815471654656] INFO perfrun.launcher <> - plugin [aoclprofile] was disabled because it doesn't support the given collection type.
312 [139815471654656] INFO perfrun.launcher <> - plugin [tpss] was disabled because it doesn't support the given collection type.
312 [139815471654656] INFO perfrun.launcher <> - plugin [exprof] was disabled because it doesn't support the given collection type.
312 [139815471654656] INFO perfrun.launcher <> - plugin [media] was disabled because it doesn't support the given collection type.
312 [139815471654656] INFO perfrun.launcher <> - plugin [ice] was disabled because it doesn't support the given collection type.
313 [139815471654656] INFO perfrun.launcher <> - plugin [] was disabled because it doesn't support the given collection type.
313 [139815471654656] INFO perfrun.launcher <> - plugin [] was disabled because it doesn't support the given collection type.
315 [139815471654656] INFO perfrun.launcher <> - plugin [parallelfs] was disabled because it doesn't support the given collection type.
317 [139815471654656] INFO perfrun.launcher <> - plugin [power] was disabled because it doesn't support the given collection type.
317 [139815471654656] INFO perfrun.launcher <> - plugin [hwloc] was disabled because it doesn't support the given collection type.
318 [139815471654656] INFO perfrun.launcher <> - plugin [ipmwatch] was disabled because it doesn't support the given collection type.
319 [139815471654656] INFO perfrun.launcher <> - plugin [os_counters] was disabled because it doesn't support the given collection type.
319 [139815598962112] INFO perfrun.launcher <> - Application exit code: 0
320 [139815598962112] INFO perfrun.launcher <> - Exit code: 0
